              Procedure           Image            Address        Calls Instructions
           __printf_chk       libc.so.6       7ff333081d50           28          896
                   mmap       libc.so.6       7ff33306bbc0            5           45
                 __sbrk       libc.so.6       7ff333067a10            2           49
                    brk       libc.so.6       7ff3330679d0            2           18
       __close_nocancel       libc.so.6       7ff333066a10            1            6
                __write       libc.so.6       7ff333061a20           41          369
                   read       libc.so.6       7ff333061980           44          352
               __open64       libc.so.6       7ff333061690            1           34
              fstatat64       libc.so.6       7ff333060ee0            2           16
                fstat64       libc.so.6       7ff333060e80            2           14
                 getopt       libc.so.6       7ff333055b20            1            9
                  _exit       libc.so.6       7ff333037c70            1            7
                __bzero       libc.so.6       7ff333011f80            0       112071
                 memcpy       libc.so.6       7ff3330118f0         2262        67821
                 valloc       libc.so.6       7ff332ff2fc0           11          454
            __libc_free       libc.so.6       7ff332ff2460           69         1725
          __libc_malloc       libc.so.6       7ff332ff2120           70         3141
     __default_morecore       libc.so.6       7ff332fef630            2           18
   pthread_mutex_unlock       libc.so.6       7ff332fe6af0          226         4984
   __pthread_mutex_lock       libc.so.6       7ff332fe4f70          226         8143
     pthread_mutex_init       libc.so.6       7ff332fe4640            6          180
      pthread_cond_init       libc.so.6       7ff332fe0260            1           10
 pthread_cond_broadcast       libc.so.6       7ff332fdfe70            4           88
   __libc_alloca_cutoff       libc.so.6       7ff332fdda20           11          121
     _IO_unsave_markers       libc.so.6       7ff332fdc2b0            1           10
          _IO_flush_all       libc.so.6       7ff332fdbe70            2            6
          _IO_sputbackc       libc.so.6       7ff332fdb830           26          494
     _IO_default_finish       libc.so.6       7ff332fdb7b0            1           16
      _IO_default_uflow       libc.so.6       7ff332fdade0           44         1100
         _IO_doallocbuf       libc.so.6       7ff332fdad10            2           52
               _IO_setb       libc.so.6       7ff332fdaca0           16          391
                __uflow       libc.so.6       7ff332fdaac0           44         1672
             __overflow       libc.so.6       7ff332fda880           90         1621
 _IO_switch_to_get_mode       libc.so.6       7ff332fda7a0           44         1100
            _IO_link_in       libc.so.6       7ff332fda350            2          110
            _IO_un_link       libc.so.6       7ff332fda330            2            8
      _IO_file_overflow       libc.so.6       7ff332fd9e40          111         3712
     _IO_file_underflow       libc.so.6       7ff332fd9b30           44         2647
           _IO_do_write       libc.so.6       7ff332fd99b0           41         2542
         _IO_file_fopen       libc.so.6       7ff332fd9200            1           56
          _IO_file_open       libc.so.6       7ff332fd9110            1           33
        _IO_file_finish       libc.so.6       7ff332fd9070            1           13
      _IO_file_close_it       libc.so.6       7ff332fd8f10            1           53
          _IO_file_read       libc.so.6       7ff332fd89b0           44          264
        _IO_file_xsputn       libc.so.6       7ff332fd8680          109        10101
         _IO_file_write       libc.so.6       7ff332fd7f40           41         1517
          _IO_file_stat       libc.so.6       7ff332fd7f30            2            6
        _IO_file_setbuf       libc.so.6       7ff332fd7620            1           14
         _IO_file_close       libc.so.6       7ff332fd7610            1            3
          _IO_file_sync       libc.so.6       7ff332fd74b0            2           36
               _IO_getc       libc.so.6       7ff332fd4a40            4           76
                putchar       libc.so.6       7ff332fcfa00            7          329
               _IO_puts       libc.so.6       7ff332fcded0           13          975
               _IO_padn       libc.so.6       7ff332fcd720            6          288
            _IO_getline       libc.so.6       7ff332fcd590         2191         6573
       _IO_getline_info       libc.so.6       7ff332fcd3f0         2191       139681
              _IO_fopen       libc.so.6       7ff332fcc6b0            1           42
              _IO_fgets       libc.so.6       7ff332fcc400         2191       151179
             _IO_fflush       libc.so.6       7ff332fcc1b0            3           56
             _IO_fclose       libc.so.6       7ff332fcbcf0            1           74
    _IO_file_doallocate       libc.so.6       7ff332fcbb90            2          114
        __isoc99_sscanf       libc.so.6       7ff332faf2d0           13          650
        __isoc99_fscanf       libc.so.6       7ff332faf200           17          425
            __printf_fp       libc.so.6       7ff332faa5a0           12           84
                cuserid       libc.so.6       7ff332fa71d0            0         1352
              strtoimax       libc.so.6       7ff332f944e0        34437       172185
      __strtol_internal       libc.so.6       7ff332f944c0           13           52
              getrandom       libc.so.6       7ff332f93c70            1            9
       __call_tls_dtors       libc.so.6       7ff332f92d60            1           12
         __cxa_finalize       libc.so.6       7ff332f929a0            3          168
           __cxa_atexit       libc.so.6       7ff332f928c0            1           39
                on_exit       libc.so.6       7ff332f92610            0           32
                   exit       libc.so.6       7ff332f925f0            1            8
                 getenv       libc.so.6       7ff332f91b70            1          245
                _setjmp       libc.so.6       7ff332f8f1e0            1            3
            __sigsetjmp       libc.so.6       7ff332f8f110            1           31
      __libc_start_main       libc.so.6       7ff332f76dc0            1           40
                  _init       libc.so.6       7ff332f76c30            1           31
               .plt.sec       libc.so.6       7ff332f75390            0         9404
               .plt.got       libc.so.6       7ff332f75370            2           10
                   .plt       libc.so.6       7ff332f75000            0            3
                  _fini libpthread.so.0       7ff3331bf108            1            4
            frame_dummy libpthread.so.0       7ff3331bf0f0            1            2
  __do_global_dtors_aux libpthread.so.0       7ff3331bf0b0            1           13
     register_tm_clones libpthread.so.0       7ff3331bf070            1           10
   deregister_tm_clones libpthread.so.0       7ff3331bf040            1            5
               .plt.got libpthread.so.0       7ff3331bf030            1            2
                  _init libpthread.so.0       7ff3331bf000            1            7
                  .fini       libm.so.6       7ff3332f48e8            1            4
          __sqrt_finite       libm.so.6       7ff333295510            1            3
                   sqrt       libm.so.6       7ff33327c820            1            5
                  .text       libm.so.6       7ff3332793a0            0           30
               .plt.got       libm.so.6       7ff3332791e0            1            2
                  _init       libm.so.6       7ff333279000            1            7
    __vdso_gettimeofday          [vdso]       7fff8a198610            3          229
    _dl_catch_exception ld-linux-x86-64.so.2       7ff347390300            7          245
      _dl_audit_preinit ld-linux-x86-64.so.2       7ff34738e680            1            5
      __tunable_get_val ld-linux-x86-64.so.2       7ff34738add0           35          719
  _dl_allocate_tls_init ld-linux-x86-64.so.2       7ff3473874f0            1          102
        _dl_debug_state ld-linux-x86-64.so.2       7ff347376300            2            4
                  .text ld-linux-x86-64.so.2       7ff347375090            0           24
               .plt.sec ld-linux-x86-64.so.2       7ff347375050            7           14
                  _fini        CHOLESKY       55a39a5d5898            1            4
        __libc_csu_init        CHOLESKY       55a39a5d5820            1           41
       parmacs_shutdown        CHOLESKY       55a39a5d580f            1            6
          parmacs_setup        CHOLESKY       55a39a5d5804            1            6
        parmacs_roi_end        CHOLESKY       55a39a5d5758            1           15
      parmacs_roi_begin        CHOLESKY       55a39a5d5720            1           15
               MyMalloc        CHOLESKY       55a39a5d5410          125        15386
              MyFreeNow        CHOLESKY       55a39a5d5330            5          273
                 MyFree        CHOLESKY       55a39a5d5220           89         9906
             MigrateMem        CHOLESKY       55a39a5d5210           84          168
             MallocInit        CHOLESKY       55a39a5d5110            1           28
        InitOneFreeList        CHOLESKY       55a39a5d5020            2           86
             ReadSparse        CHOLESKY       55a39a5d46d0            1      1151445
            LowerToFull        CHOLESKY       55a39a5d4270            1      1057148
                  Value        CHOLESKY       55a39a5d4080        96084       491256
              NewVector        CHOLESKY       55a39a5d4030            1           10
             FreeMatrix        CHOLESKY       55a39a5d3fe0            1           16
        ComputeWorkTree        CHOLESKY       55a39a5d3df0            2       109919
         FindSupernodes        CHOLESKY       55a39a5d3c40            1        46833
              ComputeNZ        CHOLESKY       55a39a5d3ab0            1      1882419
          ParentToChild        CHOLESKY       55a39a5d39c0            2        89810
   EliminationTreeFromA        CHOLESKY       55a39a5d3810            1      1692319
            ComposePerm        CHOLESKY       55a39a5d3790            1        12674
           PlaceDomains        CHOLESKY       55a39a5d3650            1         2428
                     Go        CHOLESKY       55a39a5d31c0            1          163
      CreatePermutation        CHOLESKY       55a39a5d3130            2         5478
             NoSegments        CHOLESKY       55a39a5d3070            1         2295
 ComputeTargetBlockSize        CHOLESKY       55a39a5d2ed0            1          794
          FindMaxHeight        CHOLESKY       55a39a5d2e30         1806        78766
              Partition        CHOLESKY       55a39a5d2630            1        12756
             AddInOrder        CHOLESKY       55a39a5d24c0           41          608
    MarkSubtreeAsDomain        CHOLESKY       55a39a5d2220           41         5257
         FactorLLDomain        CHOLESKY       55a39a5d1700           41      2341980
     ModifySuperBySuper        CHOLESKY       55a39a5d1540          426        98650
     CompleteSupernodeB        CHOLESKY       55a39a5d1270          193        57627
     ModifyBySupernodeB        CHOLESKY       55a39a5d06d0         1109       503376
  ModifyTwoBySupernodeB        CHOLESKY       55a39a5cf800         5806     19651141
        CompleteColumnB        CHOLESKY       55a39a5cf490         1806       444523
            TaskWaiting        CHOLESKY       55a39a5cf320            1           10
         InitTaskQueues        CHOLESKY       55a39a5cf100            1           34
        BNumericSolveFO        CHOLESKY       55a39a5cf020            1         7601
        DriveParallelFO        CHOLESKY       55a39a5ced70            1         1776
      ComputeReceivedFO        CHOLESKY       55a39a5cdee0            1        18113
           PreProcessFO        CHOLESKY       55a39a5cde90            1           18
        InitRemainingFO        CHOLESKY       55a39a5cddd0            1        10849
     ComputeRemainingFO        CHOLESKY       55a39a5cdad0            1        29261
          CheckReceived        CHOLESKY       55a39a5cda20            1           38
         CheckRemaining        CHOLESKY       55a39a5cd940            1        14474
          PreAllocateFO        CHOLESKY       55a39a5cce80            1        17627
         PreAllocate1FO        CHOLESKY       55a39a5ccd90            1           50
   CreateBlockedMatrix2        CHOLESKY       55a39a5cbe90            1        81654
              DumpSizes        CHOLESKY       55a39a5cbd70            2        32084
              SortByKey        CHOLESKY       55a39a5cbd00            1          531
                BlDepth        CHOLESKY       55a39a5cbcc0           41          656
               FillInNZ        CHOLESKY       55a39a5cbbb0            1        34352
                 FillIn        CHOLESKY       55a39a5cb820         1806      1994458
             AllocateNZ        CHOLESKY       55a39a5cb6e0            1        18083
        FillInStructure        CHOLESKY       55a39a5cb450            1         6800
  FindDetailedStructure        CHOLESKY       55a39a5cb110           41         1230
     FindSuperStructure        CHOLESKY       55a39a5cad90          386      3011904
FindDummyDomainStructure        CHOLESKY       55a39a5ca960           41         1271
       FindDomStructure        CHOLESKY       55a39a5ca8b0          193      1117066
    ComputeBlockParents        CHOLESKY       55a39a5ca680            1        18583
           CreateVector        CHOLESKY       55a39a5ca520            1       775933
        AssignBlocksNow        CHOLESKY       55a39a5c5550            1        14464
                   PADD        CHOLESKY       55a39a5c5400         2313        60138
                   PMOD        CHOLESKY       55a39a5c5300         2313       133383
                   PDIV        CHOLESKY       55a39a5c5220         2313       129528
             InvertPerm        CHOLESKY       55a39a5c5160            2        39798
            Amalgamate2        CHOLESKY       55a39a5c4a90            1        45986
          FixNodeNZAndT        CHOLESKY       55a39a5c48c0            1        61003
          ReorderMatrix        CHOLESKY       55a39a5c47e0          194        27735
          ConsiderMerge        CHOLESKY       55a39a5c4470          503       137159
         JoinTwoSupers2        CHOLESKY       55a39a5c4360          310        39867
            frame_dummy        CHOLESKY       55a39a5c42d0            1            2
  __do_global_dtors_aux        CHOLESKY       55a39a5c4290            1           13
     register_tm_clones        CHOLESKY       55a39a5c4250            1           10
   deregister_tm_clones        CHOLESKY       55a39a5c4220            1            5
                 _start        CHOLESKY       55a39a5c41f0            1           12
                   main        CHOLESKY       55a39a5c3480            1        15504
               .plt.sec        CHOLESKY       55a39a5c3260           67        74720
               .plt.got        CHOLESKY       55a39a5c3250            1            2
                  _init        CHOLESKY       55a39a5c3000            1            7
